<?xml version="1.0" encoding="UTF-8"?>
<!-- Generated by org.testng.reporters.JUnitReportReporter -->
<testsuite hostname="LAPTOP-2ID6J3HP" failures="0" tests="1" name="StepDefinitionFlipkart.ExecutableClass" time="0.031" errors="0" timestamp="15 Jan 2021 11:17:06 GMT" skipped="0">
  <testcase classname="StepDefinitionFlipkart.ExecutableClass" name="tc1" time="0.031"/>
</testsuite> <!-- StepDefinitionFlipkart.ExecutableClass -->
